<?xml version="1.0" encoding="UTF-8"?>
<testng-results ignored="0" total="2" passed="2" failed="0" skipped="0">
  <reporter-output>
  </reporter-output>
  <suite started-at="2022-03-31T21:43:16 CEST" name="Default Suite" finished-at="2022-03-31T21:43:19 CEST" duration-ms="2801">
    <groups>
    </groups>
    <test started-at="2022-03-31T21:43:16 CEST" name="RESTassuredProject1" finished-at="2022-03-31T21:43:19 CEST" duration-ms="2801">
      <class name="APITests">
        <test-method signature="test1()[pri:0, instance:APITests@5606c0b]" started-at="2022-03-31T21:43:16 CEST" name="test1" finished-at="2022-03-31T21:43:19 CEST" duration-ms="2357" status="PASS">
          <reporter-output>
          </reporter-output>
        </test-method> <!-- test1 -->
        <test-method signature="test_GET()[pri:0, instance:APITests@5606c0b]" started-at="2022-03-31T21:43:19 CEST" name="test_GET" finished-at="2022-03-31T21:43:19 CEST" duration-ms="380" status="PASS">
          <reporter-output>
          </reporter-output>
        </test-method> <!-- test_GET -->
      </class> <!-- APITests -->
    </test> <!-- RESTassuredProject1 -->
  </suite> <!-- Default Suite -->
</testng-results>
